Build started 2013.03.18. 11:24:28.
     1>Project "D:\Dropbox\Beadandók\OpenGL\Da_Stuff\Da_Stuff\Da_Stuff.vcxproj" on node 2 (build target(s)).
     1>InitializeBuildStatus:
         Creating "Debug\Da_Stuff.unsuccessfulbuild" because "AlwaysCreate" was specified.
       ClCompile:
         D:\Program Files\Microsoft Visual Studio 10.0\VC\bin\CL.exe /c /ZI /nologo /W3 /WX- /Od /Oy- /D WIN32 /D _DEBUG /D _CONSOLE /D _UNICODE /D UNICODE /Gm /EHsc /RTC1 /MDd /GS /fp:precise /Zc:wchar_t /Zc:forScope /Fo"Debug\\" /Fd"Debug\vc100.pdb" /Gd /TP /analyze- /errorReport:prompt ..\..\bitmap.cpp main.cpp
         main.cpp
         bitmap.cpp
     1>d:\dropbox\beadandók\opengl\bitmap.cpp(6): warning C4996: 'fopen': This function or variable may be unsafe. Consider using fopen_s instead. To disable deprecation, use _CRT_SECURE_NO_WARNINGS. See online help for details.
                 d:\program files\microsoft visual studio 10.0\vc\include\stdio.h(234) : see declaration of 'fopen'
         Generating Code...
       ManifestResourceCompile:
         C:\Program Files\Microsoft SDKs\Windows\v7.0A\bin\rc.exe /nologo /fo"Debug\Da_Stuff.exe.embed.manifest.res" Debug\Da_Stuff_manifest.rc 
       Link:
         D:\Program Files\Microsoft Visual Studio 10.0\VC\bin\link.exe /ERRORREPORT:PROMPT /OUT:"D:\Dropbox\Beadandók\OpenGL\Da_Stuff\Debug\Da_Stuff.exe" /INCREMENTAL /NOLOGO kernel32.lib user32.lib gdi32.lib winspool.lib comdlg32.lib advapi32.lib shell32.lib ole32.lib oleaut32.lib uuid.lib odbc32.lib odbccp32.lib /MANIFEST /ManifestFile:"Debug\Da_Stuff.exe.intermediate.manifest" /MANIFESTUAC:"level='asInvoker' uiAccess='false'" /DEBUG /PDB:"D:\Dropbox\Beadandók\OpenGL\Da_Stuff\Debug\Da_Stuff.pdb" /SUBSYSTEM:CONSOLE /TLBID:1 /DYNAMICBASE /NXCOMPAT /IMPLIB:"D:\Dropbox\Beadandók\OpenGL\Da_Stuff\Debug\Da_Stuff.lib" /MACHINE:X86 Debug\Da_Stuff.exe.embed.manifest.res
         Debug\bitmap.obj
         Debug\main.obj
       Manifest:
         C:\Program Files\Microsoft SDKs\Windows\v7.0A\bin\mt.exe /nologo /verbose /out:"Debug\Da_Stuff.exe.embed.manifest" /manifest Debug\Da_Stuff.exe.intermediate.manifest
         All outputs are up-to-date.
       LinkEmbedManifest:
         All outputs are up-to-date.
         Da_Stuff.vcxproj -> D:\Dropbox\Beadandók\OpenGL\Da_Stuff\Debug\Da_Stuff.exe
       FinalizeBuildStatus:
         Deleting file "Debug\Da_Stuff.unsuccessfulbuild".
         Touching "Debug\Da_Stuff.lastbuildstate".
     1>Done Building Project "D:\Dropbox\Beadandók\OpenGL\Da_Stuff\Da_Stuff\Da_Stuff.vcxproj" (build target(s)).

Build succeeded.

Time Elapsed 00:00:07.13
